<?xml version="1.0" encoding="UTF-8"?>
<!-- Generated by org.testng.reporters.JUnitXMLReporter -->
<testsuite ignored="1" hostname="DESKTOP-PTDKR5H" failures="1" tests="3" name="Test(failed)" time="0.07" errors="0" timestamp="2025-07-03T07:59:06 IST">
  <testcase classname="day18.Prog2" name="homeDashboard" time="0.019">
    <skipped/>
  </testcase> <!-- homeDashboard -->
  <testcase classname="day18.Prog2" name="doRegistration" time="0.005">
    <skipped/>
  </testcase> <!-- doRegistration -->
  <testcase classname="day18.Prog2" name="doRegistration" time="0.002">
    <failure type="java.lang.AssertionError" message="null">
      <![CDATA[java.lang.AssertionError: null
at day18.Prog2.doRegistration(Prog2.java:37)
at java.base/java.util.ArrayList.forEach(ArrayList.java:1597)
... Removed 27 stack frames]]>
    </failure>
  </testcase> <!-- doRegistration -->
  <testcase classname="day18.Prog2" name="login" time="0.0">
    <ignored/>
  </testcase> <!-- login -->
</testsuite> <!-- Test(failed) -->
