<?xml version="1.0" encoding="UTF-8"?>
<testng-results ignored="0" total="6" passed="6" failed="0" skipped="0">
  <reporter-output>
    <line>
      <![CDATA[Test case started]]>
    </line>
    <line>
      <![CDATA[Test case success]]>
    </line>
    <line>
      <![CDATA[Test case started]]>
    </line>
    <line>
      <![CDATA[Test case success]]>
    </line>
    <line>
      <![CDATA[Test case started]]>
    </line>
    <line>
      <![CDATA[Test case success]]>
    </line>
    <line>
      <![CDATA[Test case started]]>
    </line>
    <line>
      <![CDATA[Test case success]]>
    </line>
    <line>
      <![CDATA[Test case started]]>
    </line>
    <line>
      <![CDATA[Test case success]]>
    </line>
    <line>
      <![CDATA[Test case started]]>
    </line>
    <line>
      <![CDATA[Test case success]]>
    </line>
  </reporter-output>
  <suite started-at="2025-07-03T08:27:36 IST" name="Suite" finished-at="2025-07-03T08:27:36 IST" duration-ms="73">
    <groups>
    </groups>
    <test started-at="2025-07-03T08:27:36 IST" name="Test" finished-at="2025-07-03T08:27:36 IST" duration-ms="73">
      <class name="day18.Prog1">
        <test-method signature="doreg(java.lang.String,java.lang.String)[pri:0, instance:day18.Prog1@1890516e]" started-at="2025-07-03T08:27:36 IST" name="doreg" data-provider="userDetails" finished-at="2025-07-03T08:27:36 IST" duration-ms="19" status="PASS">
          <params>
            <param index="0">
              <value>
                <![CDATA[abc@gmail.com]]>
              </value>
            </param>
            <param index="1">
              <value>
                <![CDATA[pwd1]]>
              </value>
            </param>
          </params>
          <reporter-output>
            <line>
              <![CDATA[Test case started]]>
            </line>
            <line>
              <![CDATA[Test case success]]>
            </line>
          </reporter-output>
        </test-method> <!-- doreg -->
        <test-method signature="doreg(java.lang.String,java.lang.String)[pri:0, instance:day18.Prog1@1890516e]" started-at="2025-07-03T08:27:36 IST" name="doreg" data-provider="userDetails" finished-at="2025-07-03T08:27:36 IST" duration-ms="3" status="PASS">
          <params>
            <param index="0">
              <value>
                <![CDATA[cde@gmail.com]]>
              </value>
            </param>
            <param index="1">
              <value>
                <![CDATA[pwd2]]>
              </value>
            </param>
          </params>
          <reporter-output>
            <line>
              <![CDATA[Test case started]]>
            </line>
            <line>
              <![CDATA[Test case success]]>
            </line>
          </reporter-output>
        </test-method> <!-- doreg -->
        <test-method signature="doreg(java.lang.String,java.lang.String)[pri:0, instance:day18.Prog1@1890516e]" started-at="2025-07-03T08:27:36 IST" name="doreg" data-provider="userDetails" finished-at="2025-07-03T08:27:36 IST" duration-ms="2" status="PASS">
          <params>
            <param index="0">
              <value>
                <![CDATA[efg@gmail.com]]>
              </value>
            </param>
            <param index="1">
              <value>
                <![CDATA[pwd3]]>
              </value>
            </param>
          </params>
          <reporter-output>
            <line>
              <![CDATA[Test case started]]>
            </line>
            <line>
              <![CDATA[Test case success]]>
            </line>
          </reporter-output>
        </test-method> <!-- doreg -->
        <test-method signature="login(java.lang.String,java.lang.String)[pri:0, instance:day18.Prog1@1890516e]" started-at="2025-07-03T08:27:36 IST" name="login" data-provider="userDetails" finished-at="2025-07-03T08:27:36 IST" duration-ms="2" status="PASS">
          <params>
            <param index="0">
              <value>
                <![CDATA[abc@gmail.com]]>
              </value>
            </param>
            <param index="1">
              <value>
                <![CDATA[pwd1]]>
              </value>
            </param>
          </params>
          <reporter-output>
            <line>
              <![CDATA[Test case started]]>
            </line>
            <line>
              <![CDATA[Test case success]]>
            </line>
          </reporter-output>
        </test-method> <!-- login -->
        <test-method signature="login(java.lang.String,java.lang.String)[pri:0, instance:day18.Prog1@1890516e]" started-at="2025-07-03T08:27:36 IST" name="login" data-provider="userDetails" finished-at="2025-07-03T08:27:36 IST" duration-ms="1" status="PASS">
          <params>
            <param index="0">
              <value>
                <![CDATA[cde@gmail.com]]>
              </value>
            </param>
            <param index="1">
              <value>
                <![CDATA[pwd2]]>
              </value>
            </param>
          </params>
          <reporter-output>
            <line>
              <![CDATA[Test case started]]>
            </line>
            <line>
              <![CDATA[Test case success]]>
            </line>
          </reporter-output>
        </test-method> <!-- login -->
        <test-method signature="login(java.lang.String,java.lang.String)[pri:0, instance:day18.Prog1@1890516e]" started-at="2025-07-03T08:27:36 IST" name="login" data-provider="userDetails" finished-at="2025-07-03T08:27:36 IST" duration-ms="2" status="PASS">
          <params>
            <param index="0">
              <value>
                <![CDATA[efg@gmail.com]]>
              </value>
            </param>
            <param index="1">
              <value>
                <![CDATA[pwd3]]>
              </value>
            </param>
          </params>
          <reporter-output>
            <line>
              <![CDATA[Test case started]]>
            </line>
            <line>
              <![CDATA[Test case success]]>
            </line>
          </reporter-output>
        </test-method> <!-- login -->
      </class> <!-- day18.Prog1 -->
    </test> <!-- Test -->
  </suite> <!-- Suite -->
</testng-results>
