<?xml version="1.0" encoding="UTF-8"?>
<!-- Generated by org.testng.reporters.JUnitReportReporter -->
<testsuite hostname="DESKTOP-PTDKR5H" failures="0" tests="2" name="testCases.Testcase_ChangeWatchFace" time="11.784" errors="0" timestamp="2025-07-08T07:50:58 IST" skipped="1">
  <testcase classname="testCases.Testcase_ChangeWatchFace" name="updateTheGoal" time="11.784"/>
  <system-out>
    <![CDATA[Test case started
Test case success]]>
  </system-out>
  <testcase classname="testCases.Testcase_ChangeWatchFace" name="updateTheNewWatchFaceTest">
    <skipped/>
  </testcase> <!-- updateTheNewWatchFaceTest -->
  <system-out/>
</testsuite> <!-- testCases.Testcase_ChangeWatchFace -->
