<?xml version="1.0" encoding="UTF-8"?>
<!-- Generated by org.testng.reporters.JUnitReportReporter -->
<testsuite hostname="DESKTOP-PTDKR5H" failures="0" tests="6" name="day18.Prog1" time="0.029" errors="0" timestamp="2025-07-03T08:27:37 IST" skipped="0">
  <testcase classname="day18.Prog1" name="doreg" time="0.019"/>
  <system-out>
    <![CDATA[Test case started
Test case success]]>
  </system-out>
  <testcase classname="day18.Prog1" name="doreg" time="0.002"/>
  <system-out>
    <![CDATA[Test case started
Test case success]]>
  </system-out>
  <testcase classname="day18.Prog1" name="login" time="0.001"/>
  <system-out>
    <![CDATA[Test case started
Test case success]]>
  </system-out>
  <testcase classname="day18.Prog1" name="login" time="0.002"/>
  <system-out>
    <![CDATA[Test case started
Test case success]]>
  </system-out>
  <testcase classname="day18.Prog1" name="doreg" time="0.003"/>
  <system-out>
    <![CDATA[Test case started
Test case success]]>
  </system-out>
  <testcase classname="day18.Prog1" name="login" time="0.002"/>
  <system-out>
    <![CDATA[Test case started
Test case success]]>
  </system-out>
</testsuite> <!-- day18.Prog1 -->
