<?xml version="1.0" encoding="UTF-8"?>
<!-- Generated by org.testng.reporters.JUnitReportReporter -->
<testsuite hostname="DESKTOP-PTDKR5H" failures="0" tests="3" name="day17.Prog1" time="0.021" errors="0" timestamp="2025-07-02T07:36:23 IST" skipped="0">
  <testcase classname="day17.Prog1" name="homeDashboard" time="0.002"/>
  <system-out/>
  <testcase classname="day17.Prog1" name="doRegistration" time="0.017"/>
  <system-out/>
  <testcase classname="day17.Prog1" name="login" time="0.002"/>
  <system-out/>
</testsuite> <!-- day17.Prog1 -->
