<?xml version="1.0" encoding="UTF-8"?>
<!-- Generated by org.testng.reporters.JUnitXMLReporter -->
<testsuite ignored="0" hostname="DESKTOP-PTDKR5H" failures="1" tests="3" name="Test" time="0.069" errors="0" timestamp="2025-07-01T08:15:36 IST">
  <testcase classname="day16.Prog4" name="testA" time="0.016"/>
  <testcase classname="day16.Prog4" name="testB" time="0.004">
    <failure type="java.lang.AssertionError" message="Test case A failed">
      <![CDATA[java.lang.AssertionError: Test case A failed
at day16.Prog4.testB(Prog4.java:20)
at java.base/java.util.ArrayList.forEach(ArrayList.java:1597)
... Removed 26 stack frames]]>
    </failure>
  </testcase> <!-- testB -->
  <testcase classname="day16.Prog4" name="testC" time="0.001">
    <skipped/>
  </testcase> <!-- testC -->
</testsuite> <!-- Test -->
