<?xml version="1.0" encoding="UTF-8"?>
<!-- Generated by org.testng.reporters.JUnitXMLReporter -->
<testsuite ignored="0" hostname="DESKTOP-PTDKR5H" failures="0" tests="6" name="Test" time="0.073" errors="0" timestamp="2025-07-03T08:27:36 IST">
  <testcase classname="day18.Prog1" name="doreg" time="0.019"/>
  <testcase classname="day18.Prog1" name="doreg" time="0.003"/>
  <testcase classname="day18.Prog1" name="doreg" time="0.002"/>
  <testcase classname="day18.Prog1" name="login" time="0.002"/>
  <testcase classname="day18.Prog1" name="login" time="0.001"/>
  <testcase classname="day18.Prog1" name="login" time="0.002"/>
</testsuite> <!-- Test -->
